0 info it worked if it ends with ok
1 verbose cli [ '/usr/bin/nodejs', '/usr/bin/npm', 'run', 'build_serverside' ]
2 info using npm@3.5.2
3 info using node@v4.2.6
4 verbose run-script [ 'prebuild_serverside',
4 verbose run-script   'build_serverside',
4 verbose run-script   'postbuild_serverside' ]
5 info lifecycle static@0.0.0~prebuild_serverside: static@0.0.0
6 silly lifecycle static@0.0.0~prebuild_serverside: no script for prebuild_serverside, continuing
7 info lifecycle static@0.0.0~build_serverside: static@0.0.0
8 verbose lifecycle static@0.0.0~build_serverside: unsafe-perm in lifecycle true
9 verbose lifecycle static@0.0.0~build_serverside: PATH: /usr/share/npm/bin/node-gyp-bin:/home/tatiana/track.mail/TrackMailRu2016-Web/src/node_modules/.bin:/home/tatiana/anaconda3/bin:/usr/local/sbin:/usr/local/bin:/usr/sbin:/usr/bin:/sbin:/bin:/usr/games:/usr/local/games
10 verbose lifecycle static@0.0.0~build_serverside: CWD: /home/tatiana/track.mail/TrackMailRu2016-Web/src
11 silly lifecycle static@0.0.0~build_serverside: Args: [ '-c', 'node_modules/react-tools/bin/jsx --watch src build' ]
12 info lifecycle static@0.0.0~build_serverside: Failed to exec build_serverside script
13 verbose stack Error: static@0.0.0 build_serverside: `node_modules/react-tools/bin/jsx --watch src build`
13 verbose stack spawn ENOENT
13 verbose stack     at ChildProcess.<anonymous> (/usr/share/npm/lib/utils/spawn.js:17:16)
13 verbose stack     at emitTwo (events.js:87:13)
13 verbose stack     at ChildProcess.emit (events.js:172:7)
13 verbose stack     at maybeClose (internal/child_process.js:821:16)
13 verbose stack     at Process.ChildProcess._handle.onexit (internal/child_process.js:211:5)
14 verbose pkgid static@0.0.0
15 verbose cwd /home/tatiana/track.mail/TrackMailRu2016-Web/src
16 error Linux 4.4.0-21-generic
17 error argv "/usr/bin/nodejs" "/usr/bin/npm" "run" "build_serverside"
18 error node v4.2.6
19 error npm  v3.5.2
20 error file sh
21 error code ELIFECYCLE
22 error errno ENOENT
23 error syscall spawn
24 error static@0.0.0 build_serverside: `node_modules/react-tools/bin/jsx --watch src build`
24 error spawn ENOENT
25 error Failed at the static@0.0.0 build_serverside script 'node_modules/react-tools/bin/jsx --watch src build'.
25 error Make sure you have the latest version of node.js and npm installed.
25 error If you do, this is most likely a problem with the static package,
25 error not with npm itself.
25 error Tell the author that this fails on your system:
25 error     node_modules/react-tools/bin/jsx --watch src build
25 error You can get information on how to open an issue for this project with:
25 error     npm bugs static
25 error Or if that isn't available, you can get their info via:
25 error     npm owner ls static
25 error There is likely additional logging output above.
26 verbose exit [ 1, true ]
